<?xml version="1.0" encoding="utf-8"?><testsuites name="pytest tests"><testsuite name="pytest" errors="5" failures="0" skipped="0" tests="13" time="0.906" timestamp="2026-05-06T07:46:59.232532+00:00" hostname="agent-env-a38d51f4-a122-4c92-b0dd-2a6808eacef2"><testcase classname="tests.test_playout.TestScheduleCRUD" name="test_list_schedule_room_default" time="0.291" /><testcase classname="tests.test_playout.TestScheduleCRUD" name="test_create_requires_auth" time="0.100"><error message="failed on setup with &quot;AssertionError: {&quot;detail&quot;:[{&quot;type&quot;:&quot;missing&quot;,&quot;loc&quot;:[&quot;body&quot;,&quot;file&quot;],&quot;msg&quot;:&quot;Field required&quot;,&quot;input&quot;:null,&quot;url&quot;:&quot;https://errors.pydantic.dev/2.13/v/missing&quot;}]}&#10;assert 422 == 200&#10; +  where 422 = &lt;Response [422]&gt;.status_code&quot;">tests/test_playout.py:60: in video_id
    assert r.status_code == 200, r.text
E   AssertionError: {"detail":[{"type":"missing","loc":["body","file"],"msg":"Field required","input":null,"url":"https://errors.pydantic.dev/2.13/v/missing"}]}
E   assert 422 == 200
E    +  where 422 = &lt;Response [422]&gt;.status_code</error></testcase><testcase classname="tests.test_playout.TestScheduleCRUD" name="test_create_unknown_media_404" time="0.045" /><testcase classname="tests.test_playout.TestScheduleCRUD" name="test_create_then_get_persists" time="0.000"><error message="failed on setup with &quot;AssertionError: {&quot;detail&quot;:[{&quot;type&quot;:&quot;missing&quot;,&quot;loc&quot;:[&quot;body&quot;,&quot;file&quot;],&quot;msg&quot;:&quot;Field required&quot;,&quot;input&quot;:null,&quot;url&quot;:&quot;https://errors.pydantic.dev/2.13/v/missing&quot;}]}&#10;assert 422 == 200&#10; +  where 422 = &lt;Response [422]&gt;.status_code&quot;">tests/test_playout.py:60: in video_id
    assert r.status_code == 200, r.text
E   AssertionError: {"detail":[{"type":"missing","loc":["body","file"],"msg":"Field required","input":null,"url":"https://errors.pydantic.dev/2.13/v/missing"}]}
E   assert 422 == 200
E    +  where 422 = &lt;Response [422]&gt;.status_code</error></testcase><testcase classname="tests.test_playout.TestScheduleCRUD" name="test_patch_updates_text_and_persists" time="0.000"><error message="failed on setup with &quot;AssertionError: {&quot;detail&quot;:[{&quot;type&quot;:&quot;missing&quot;,&quot;loc&quot;:[&quot;body&quot;,&quot;file&quot;],&quot;msg&quot;:&quot;Field required&quot;,&quot;input&quot;:null,&quot;url&quot;:&quot;https://errors.pydantic.dev/2.13/v/missing&quot;}]}&#10;assert 422 == 200&#10; +  where 422 = &lt;Response [422]&gt;.status_code&quot;">tests/test_playout.py:60: in video_id
    assert r.status_code == 200, r.text
E   AssertionError: {"detail":[{"type":"missing","loc":["body","file"],"msg":"Field required","input":null,"url":"https://errors.pydantic.dev/2.13/v/missing"}]}
E   assert 422 == 200
E    +  where 422 = &lt;Response [422]&gt;.status_code</error></testcase><testcase classname="tests.test_playout.TestScheduleCRUD" name="test_delete_removes_item" time="0.000"><error message="failed on setup with &quot;AssertionError: {&quot;detail&quot;:[{&quot;type&quot;:&quot;missing&quot;,&quot;loc&quot;:[&quot;body&quot;,&quot;file&quot;],&quot;msg&quot;:&quot;Field required&quot;,&quot;input&quot;:null,&quot;url&quot;:&quot;https://errors.pydantic.dev/2.13/v/missing&quot;}]}&#10;assert 422 == 200&#10; +  where 422 = &lt;Response [422]&gt;.status_code&quot;">tests/test_playout.py:60: in video_id
    assert r.status_code == 200, r.text
E   AssertionError: {"detail":[{"type":"missing","loc":["body","file"],"msg":"Field required","input":null,"url":"https://errors.pydantic.dev/2.13/v/missing"}]}
E   assert 422 == 200
E    +  where 422 = &lt;Response [422]&gt;.status_code</error></testcase><testcase classname="tests.test_playout.TestScheduleCRUD" name="test_delete_unknown_404" time="0.044" /><testcase classname="tests.test_playout.TestScheduleCRUD" name="test_patch_unknown_404" time="0.045" /><testcase classname="tests.test_playout.TestScheduleCRUD" name="test_delete_requires_auth" time="0.042" /><testcase classname="tests.test_playout.TestRoomSettings" name="test_get_default_settings" time="0.044" /><testcase classname="tests.test_playout.TestRoomSettings" name="test_put_requires_auth" time="0.043" /><testcase classname="tests.test_playout.TestRoomSettings" name="test_put_then_get_persists" time="0.083"><error message="failed on setup with &quot;AssertionError: {&quot;detail&quot;:[{&quot;type&quot;:&quot;missing&quot;,&quot;loc&quot;:[&quot;body&quot;,&quot;file&quot;],&quot;msg&quot;:&quot;Field required&quot;,&quot;input&quot;:null,&quot;url&quot;:&quot;https://errors.pydantic.dev/2.13/v/missing&quot;}]}&#10;assert 422 == 200&#10; +  where 422 = &lt;Response [422]&gt;.status_code&quot;">tests/test_playout.py:71: in image_id
    assert r.status_code == 200, r.text
E   AssertionError: {"detail":[{"type":"missing","loc":["body","file"],"msg":"Field required","input":null,"url":"https://errors.pydantic.dev/2.13/v/missing"}]}
E   assert 422 == 200
E    +  where 422 = &lt;Response [422]&gt;.status_code</error></testcase><testcase classname="tests.test_playout.TestVideosForPlayout" name="test_list_videos_ok" time="0.053" /></testsuite></testsuites>