<?xml version="1.0" encoding="utf-8"?><testsuites name="pytest tests"><testsuite name="pytest" errors="0" failures="0" skipped="0" tests="17" time="5.061" timestamp="2026-05-05T15:53:41.045820+00:00" hostname="agent-env-a38d51f4-a122-4c92-b0dd-2a6808eacef2"><testcase classname="tests.backend_test.TestAuth" name="test_login_success" time="0.615" /><testcase classname="tests.backend_test.TestAuth" name="test_login_wrong_password" time="0.107" /><testcase classname="tests.backend_test.TestAuth" name="test_verify_with_token" time="0.145" /><testcase classname="tests.backend_test.TestAuth" name="test_verify_without_token" time="0.213" /><testcase classname="tests.backend_test.TestState" name="test_default_state" time="0.179" /><testcase classname="tests.backend_test.TestVideos" name="test_list_videos_public" time="0.122" /><testcase classname="tests.backend_test.TestVideos" name="test_upload_requires_auth" time="0.203" /><testcase classname="tests.backend_test.TestVideos" name="test_upload_success_and_visible" time="0.680" /><testcase classname="tests.backend_test.TestVideos" name="test_stream_full" time="0.338" /><testcase classname="tests.backend_test.TestVideos" name="test_stream_range" time="0.313" /><testcase classname="tests.backend_test.TestVideos" name="test_delete_requires_auth" time="0.139" /><testcase classname="tests.backend_test.TestVideos" name="test_delete_soft" time="0.537" /><testcase classname="tests.backend_test.TestVideos" name="test_delete_unknown" time="0.148" /><testcase classname="tests.backend_test.TestWebSocket" name="test_ws_initial_state" time="0.265" /><testcase classname="tests.backend_test.TestWebSocket" name="test_ws_unauthorized_action" time="0.339" /><testcase classname="tests.backend_test.TestWebSocket" name="test_ws_authorized_pause_broadcast" time="0.293" /><testcase classname="tests.backend_test.TestWebSocket" name="test_ws_volume_and_loop" time="0.346" /></testsuite></testsuites>