<?xml version="1.0" encoding="utf-8"?><testsuites name="pytest tests"><testsuite name="pytest" errors="0" failures="0" skipped="0" tests="40" time="13.202" timestamp="2026-05-06T05:40:26.337690+00:00" hostname="agent-env-a38d51f4-a122-4c92-b0dd-2a6808eacef2"><testcase classname="tests.backend_test.TestAuth" name="test_login_success" time="0.119" /><testcase classname="tests.backend_test.TestAuth" name="test_login_wrong_password" time="0.046" /><testcase classname="tests.backend_test.TestAuth" name="test_verify_with_token" time="0.098" /><testcase classname="tests.backend_test.TestAuth" name="test_verify_without_token" time="0.098" /><testcase classname="tests.backend_test.TestState" name="test_default_state" time="0.101" /><testcase classname="tests.backend_test.TestVideos" name="test_list_videos_public" time="0.102" /><testcase classname="tests.backend_test.TestVideos" name="test_upload_requires_auth" time="0.111" /><testcase classname="tests.backend_test.TestVideos" name="test_upload_success_and_visible" time="0.349" /><testcase classname="tests.backend_test.TestVideos" name="test_stream_full" time="0.198" /><testcase classname="tests.backend_test.TestVideos" name="test_stream_range" time="0.207" /><testcase classname="tests.backend_test.TestVideos" name="test_delete_requires_auth" time="0.125" /><testcase classname="tests.backend_test.TestVideos" name="test_delete_soft" time="0.339" /><testcase classname="tests.backend_test.TestVideos" name="test_delete_unknown" time="0.098" /><testcase classname="tests.backend_test.TestWebSocket" name="test_ws_initial_state" time="0.168" /><testcase classname="tests.backend_test.TestWebSocket" name="test_ws_unauthorized_action" time="0.197" /><testcase classname="tests.backend_test.TestWebSocket" name="test_ws_authorized_pause_broadcast" time="0.214" /><testcase classname="tests.backend_test.TestWebSocket" name="test_ws_volume_and_loop" time="0.235" /><testcase classname="tests.test_p2_features.TestRooms" name="test_state_default_room" time="0.113" /><testcase classname="tests.test_p2_features.TestRooms" name="test_state_named_room_separate" time="0.232" /><testcase classname="tests.test_p2_features.TestRooms" name="test_rooms_endpoint_lists_known" time="0.312" /><testcase classname="tests.test_p2_features.TestThumbnails" name="test_upload_video_for_thumb" time="0.344" /><testcase classname="tests.test_p2_features.TestThumbnails" name="test_thumbnail_requires_auth" time="0.099" /><testcase classname="tests.test_p2_features.TestThumbnails" name="test_thumbnail_upload_and_fetch" time="0.592" /><testcase classname="tests.test_p2_features.TestThumbnails" name="test_thumbnail_404_when_missing" time="0.115" /><testcase classname="tests.test_p2_features.TestThumbnails" name="test_cleanup" time="0.114" /><testcase classname="tests.test_p2_features.TestWebSocketP2" name="test_ws_room_isolation" time="1.911" /><testcase classname="tests.test_p2_features.TestWebSocketP2" name="test_ended_action_no_auth_required" time="0.953" /><testcase classname="tests.test_p2_features.TestWebSocketP2" name="test_ended_action_stale_id_ignored" time="0.553" /><testcase classname="tests.test_switcher.TestImageUpload" name="test_upload_image_with_duration" time="0.385" /><testcase classname="tests.test_switcher.TestImageUpload" name="test_upload_video_defaults" time="0.283" /><testcase classname="tests.test_switcher.TestImageUpload" name="test_list_exposes_new_fields" time="0.108" /><testcase classname="tests.test_switcher.TestImageUpload" name="test_patch_duration_image_ok" time="0.203" /><testcase classname="tests.test_switcher.TestImageUpload" name="test_patch_duration_video_rejected" time="0.121" /><testcase classname="tests.test_switcher.TestImageUpload" name="test_patch_duration_requires_auth" time="0.099" /><testcase classname="tests.test_switcher.TestImageUpload" name="test_cleanup" time="0.226" /><testcase classname="tests.test_switcher.TestSwitcherWS" name="test_set_pvw_does_not_touch_pgm" time="0.590" /><testcase classname="tests.test_switcher.TestSwitcherWS" name="test_set_pgm_frozen" time="0.544" /><testcase classname="tests.test_switcher.TestSwitcherWS" name="test_cut_swaps_pvw_and_pgm" time="1.212" /><testcase classname="tests.test_switcher.TestSwitcherWS" name="test_play_noop_when_pgm_null" time="0.214" /><testcase classname="tests.test_switcher.TestSwitcherWS" name="test_next_prev_move_pvw_only" time="0.975" /></testsuite></testsuites>